[2015-09-26 12:56:06] START
[2015-09-26 13:39:23] EDIT Swell/models/db.py: 6
[2015-09-26 13:41:43] EDIT Swell/models/db.py: 0
[2015-09-26 14:56:01] EDIT Swell/views/default/index.html: -30
[2015-09-26 14:56:24] EDIT Swell/views/default/index.html: -1
[2015-09-26 16:28:47] EDIT Swell/models/db.py: 6
[2015-09-26 16:32:13] EDIT Swell/models/db.py: 0
[2015-09-26 16:32:22] EDIT Swell/models/db.py: 0
[2015-09-26 16:34:45] EDIT Swell/models/db.py: 2
[2015-09-26 16:35:22] EDIT Swell/models/db.py: 0
[2015-09-26 16:36:32] EDIT Swell/models/db.py: 0
[2015-09-26 16:39:43] EDIT Swell/models/db.py: 0
[2015-09-26 16:39:48] EDIT Swell/models/db.py: 0
[2015-09-26 16:40:43] EDIT Swell/models/db.py: 4
[2015-09-26 16:44:32] EDIT Swell/models/db.py: -6
[2015-09-26 16:47:42] EDIT Swell/controllers/default.py: 0
[2015-09-26 16:48:14] EDIT Swell/controllers/default.py: -7
[2015-09-26 16:50:19] EDIT Swell/controllers/default.py: 2
[2015-09-26 16:50:30] EDIT Swell/controllers/default.py: 0
[2015-09-26 16:50:44] EDIT Swell/controllers/default.py: 1
[2015-09-26 16:51:22] EDIT Swell/controllers/default.py: 0
[2015-09-26 16:51:43] EDIT Swell/controllers/default.py: 2
[2015-09-26 16:51:47] EDIT Swell/controllers/default.py: 0
[2015-09-26 16:51:54] EDIT Swell/controllers/default.py: 0
[2015-09-26 16:54:07] EDIT Swell/views/default/index.html: 1
[2015-09-26 16:54:29] EDIT Swell/views/default/index.html: 0
[2015-09-26 16:55:22] EDIT Swell/controllers/default.py: 0
[2015-09-26 16:55:37] EDIT Swell/controllers/default.py: 0
[2015-09-26 16:55:45] EDIT Swell/controllers/default.py: 0
[2015-09-26 16:55:55] EDIT Swell/controllers/default.py: 1
[2015-09-26 16:56:10] EDIT Swell/controllers/default.py: 0
[2015-09-26 16:56:17] EDIT Swell/controllers/default.py: 0
[2015-09-26 16:56:25] EDIT Swell/controllers/default.py: 0
[2015-09-26 16:56:35] EDIT Swell/controllers/default.py: -1
[2015-09-26 16:59:06] EDIT Swell/controllers/default.py: 1
[2015-09-26 16:59:07] EDIT Swell/controllers/default.py: 0
[2015-09-26 16:59:42] EDIT Swell/controllers/default.py: 1
[2015-09-26 17:00:18] EDIT Swell/controllers/default.py: 0
[2015-09-26 17:00:40] EDIT Swell/controllers/default.py: 0
[2015-09-26 17:00:44] EDIT Swell/controllers/default.py: 0
[2015-09-26 17:01:16] EDIT Swell/controllers/default.py: 0
[2015-09-26 17:02:15] EDIT Swell/controllers/default.py: 1
[2015-09-26 17:02:54] EDIT Swell/controllers/default.py: -1
[2015-09-26 17:22:14] EDIT Swell/controllers/default.py: 1
[2015-09-26 17:22:23] EDIT Swell/controllers/default.py: 0
[2015-09-26 17:24:49] EDIT Swell/controllers/default.py: 0
[2015-09-26 17:24:59] EDIT Swell/controllers/default.py: -1
[2015-09-26 17:25:48] EDIT Swell/controllers/default.py: 0
[2015-09-26 17:25:53] EDIT Swell/controllers/default.py: 0
[2015-09-26 17:26:09] EDIT Swell/controllers/default.py: 0
[2015-09-26 17:26:15] EDIT Swell/controllers/default.py: 0
[2015-09-26 17:26:36] EDIT Swell/controllers/default.py: 1
[2015-09-26 17:26:55] EDIT Swell/controllers/default.py: 0
[2015-09-26 17:29:37] EDIT Swell/controllers/default.py: 3
[2015-09-26 17:30:37] EDIT Swell/controllers/default.py: 0
[2015-09-26 17:30:49] EDIT Swell/controllers/default.py: 0
[2015-09-26 17:31:09] EDIT Swell/controllers/default.py: 0
[2015-09-26 17:31:33] EDIT Swell/controllers/default.py: 0
[2015-09-26 17:32:22] EDIT Swell/controllers/default.py: 0
[2015-09-26 17:32:27] EDIT Swell/controllers/default.py: 0
[2015-09-26 17:32:36] EDIT Swell/controllers/default.py: 0
[2015-09-26 17:32:42] EDIT Swell/controllers/default.py: 0
[2015-09-26 17:32:48] EDIT Swell/controllers/default.py: 0
[2015-09-26 17:33:04] EDIT Swell/controllers/default.py: 0
[2015-09-26 17:33:06] EDIT Swell/controllers/default.py: 0
[2015-09-26 17:33:27] EDIT Swell/controllers/default.py: 0
[2015-09-26 17:34:15] EDIT Swell/controllers/default.py: 0
[2015-09-26 17:34:59] EDIT Swell/controllers/default.py: 0
[2015-09-26 17:36:06] EDIT Swell/controllers/default.py: 1
[2015-09-26 17:50:16] EDIT Swell/controllers/default.py: 0
[2015-09-26 17:50:51] EDIT Swell/controllers/default.py: 1
[2015-09-26 17:51:15] EDIT Swell/controllers/default.py: 0
[2015-09-26 17:51:21] EDIT Swell/controllers/default.py: 0
[2015-09-26 17:51:39] EDIT Swell/controllers/default.py: 0
[2015-09-26 17:51:52] EDIT Swell/controllers/default.py: 0
[2015-09-26 17:52:04] EDIT Swell/controllers/default.py: 0
[2015-09-26 17:52:17] EDIT Swell/controllers/default.py: 0
[2015-09-26 17:54:53] EDIT Swell/views/default/index.html: 4
[2015-09-26 17:55:00] EDIT Swell/views/default/index.html: 0
[2015-09-26 17:55:21] EDIT Swell/views/default/index.html: 0
[2015-09-26 17:55:25] EDIT Swell/views/default/index.html: 0
[2015-09-26 17:55:37] EDIT Swell/controllers/default.py: 0
[2015-09-26 17:55:48] EDIT Swell/controllers/default.py: 0
[2015-09-26 17:56:27] EDIT Swell/views/default/index.html: 0
[2015-09-26 17:56:43] EDIT Swell/views/default/index.html: 0
[2015-09-26 17:56:51] EDIT Swell/views/default/index.html: 0
[2015-09-26 17:57:47] EDIT Swell/views/default/index.html: 0
[2015-09-26 17:58:00] EDIT Swell/views/default/index.html: 0
[2015-09-26 17:58:22] EDIT Swell/views/default/index.html: 0
[2015-09-26 17:59:05] EDIT Swell/views/default/index.html: 0
[2015-09-26 18:00:31] EDIT Swell/controllers/default.py: 1
[2015-09-26 18:00:58] EDIT Swell/controllers/default.py: 1
[2015-09-26 18:02:06] EDIT Swell/controllers/default.py: 0
[2015-09-26 18:02:37] EDIT Swell/views/default/index.html: 0
[2015-09-26 18:03:29] EDIT Swell/controllers/default.py: -2
[2015-09-26 18:03:30] EDIT Swell/controllers/default.py: 0
[2015-09-26 18:07:46] EDIT Swell/views/default/index.html: 0
[2015-09-26 18:10:22] EDIT Swell/models/db.py: 4
[2015-09-26 18:11:11] EDIT Swell/models/db.py: 0
[2015-09-26 18:11:20] EDIT Swell/models/db.py: 0
[2015-09-26 18:11:29] EDIT Swell/models/db.py: 0
[2015-09-26 18:12:19] EDIT Swell/models/db.py: -1
[2015-09-26 18:15:42] EDIT Swell/controllers/default.py: 0
[2015-09-26 18:15:49] EDIT Swell/controllers/default.py: 1
[2015-09-26 18:24:15] EDIT Swell/controllers/default.py: 0
[2015-09-26 18:25:02] EDIT Swell/controllers/default.py: 0
[2015-09-26 18:25:32] EDIT Swell/controllers/default.py: 0
[2015-09-26 18:27:23] EDIT Swell/controllers/default.py: 0
[2015-09-26 18:28:11] EDIT Swell/controllers/default.py: -1
[2015-09-26 18:31:49] EDIT Swell/views/default/index.html: 2
[2015-09-26 18:32:21] EDIT Swell/views/default/index.html: 0
[2015-09-26 18:32:39] EDIT Swell/views/default/index.html: -2
[2015-09-26 18:37:22] EDIT Swell/controllers/default.py: 0
[2015-09-26 18:46:24] EDIT Swell/controllers/default.py: 3
[2015-09-26 18:47:47] EDIT Swell/controllers/default.py: 0
[2015-09-26 18:47:51] EDIT Swell/controllers/default.py: 0
[2015-09-26 18:48:23] EDIT Swell/controllers/default.py: 1
[2015-09-26 18:49:44] EDIT Swell/controllers/default.py: 0
[2015-09-26 18:50:35] EDIT Swell/controllers/default.py: 1
[2015-09-26 18:50:45] EDIT Swell/controllers/default.py: 0
[2015-09-26 18:51:49] EDIT Swell/controllers/default.py: 0
[2015-09-26 18:51:54] EDIT Swell/controllers/default.py: 0
[2015-09-26 18:52:12] EDIT Swell/controllers/default.py: 0
[2015-09-26 18:53:16] EDIT Swell/controllers/default.py: 0
[2015-09-26 18:53:37] EDIT Swell/controllers/default.py: 0
[2015-09-26 18:54:07] EDIT Swell/controllers/default.py: 0
[2015-09-26 18:54:38] EDIT Swell/controllers/default.py: 1
[2015-09-26 18:55:08] EDIT Swell/controllers/default.py: 1
[2015-09-26 18:55:26] EDIT Swell/controllers/default.py: 1
[2015-09-26 18:55:58] EDIT Swell/controllers/default.py: 0
[2015-09-26 18:56:24] EDIT Swell/controllers/default.py: 1
[2015-09-26 18:56:45] EDIT Swell/controllers/default.py: 0
[2015-09-26 18:57:34] EDIT Swell/controllers/default.py: -12
[2015-09-26 18:59:11] EDIT Swell/controllers/default.py: 7
[2015-09-26 18:59:21] EDIT Swell/controllers/default.py: 0
[2015-09-26 19:03:36] EDIT Swell/controllers/default.py: -7
[2015-09-26 19:04:09] EDIT Swell/controllers/default.py: 0
[2015-09-26 19:18:15] EDIT Swell/controllers/default.py: 2
[2015-09-26 19:18:26] EDIT Swell/controllers/default.py: 1
[2015-09-26 19:18:38] EDIT Swell/controllers/default.py: 0
[2015-09-26 19:18:49] EDIT Swell/controllers/default.py: 0
[2015-09-26 19:19:01] EDIT Swell/controllers/default.py: 0
[2015-09-26 19:19:37] EDIT Swell/controllers/default.py: 1
[2015-09-26 19:19:42] EDIT Swell/controllers/default.py: 0
[2015-09-26 19:19:57] EDIT Swell/controllers/default.py: 0
[2015-09-26 19:21:13] EDIT Swell/controllers/default.py: 1
[2015-09-26 19:22:06] EDIT Swell/controllers/default.py: 0
[2015-09-26 19:22:41] EDIT Swell/controllers/default.py: 1
[2015-09-26 19:22:50] EDIT Swell/controllers/default.py: 0
[2015-09-26 19:23:11] EDIT Swell/controllers/default.py: 0
[2015-09-26 19:23:29] EDIT Swell/controllers/default.py: 0
[2015-09-26 19:23:34] EDIT Swell/controllers/default.py: 0
[2015-09-26 19:25:02] EDIT Swell/controllers/default.py: 0
[2015-09-26 19:25:34] EDIT Swell/controllers/default.py: 2
[2015-09-26 19:25:43] EDIT Swell/controllers/default.py: 0
[2015-09-26 19:33:04] EDIT Swell/controllers/default.py: 0
[2015-09-26 19:33:59] EDIT Swell/controllers/default.py: 0
[2015-09-26 19:34:09] EDIT Swell/controllers/default.py: 0
[2015-09-26 19:34:30] EDIT Swell/controllers/default.py: 1
[2015-09-26 19:34:39] EDIT Swell/controllers/default.py: 0
[2015-09-26 19:35:29] EDIT Swell/controllers/default.py: 0
[2015-09-26 19:37:46] EDIT Swell/controllers/default.py: 0
[2015-09-26 19:37:57] EDIT Swell/controllers/default.py: 0
[2015-09-26 21:06:21] EDIT Swell/controllers/default.py: 1
[2015-09-26 21:08:54] EDIT Swell/controllers/default.py: 0
[2015-09-26 21:10:26] EDIT Swell/controllers/default.py: 0
[2015-09-26 21:11:38] EDIT Swell/controllers/default.py: 1
[2015-09-26 21:11:56] EDIT Swell/controllers/default.py: -1
[2015-09-26 21:13:04] EDIT Swell/controllers/default.py: -1
[2015-09-26 21:13:47] EDIT Swell/controllers/default.py: 0
[2015-09-26 21:14:00] EDIT Swell/controllers/default.py: 0
[2015-09-26 21:14:17] EDIT Swell/controllers/default.py: 1
[2015-09-26 21:15:18] EDIT Swell/controllers/default.py: 1
[2015-09-26 21:15:36] EDIT Swell/controllers/default.py: -2
[2015-09-26 21:16:49] EDIT Swell/controllers/default.py: 0
[2015-09-26 21:17:33] EDIT Swell/controllers/default.py: 0
[2015-09-26 21:17:38] EDIT Swell/controllers/default.py: 0
[2015-09-26 21:18:12] EDIT Swell/controllers/default.py: 1
[2015-09-26 21:18:51] EDIT Swell/controllers/default.py: 0
[2015-09-26 21:27:42] EDIT Swell/controllers/default.py: -2
[2015-09-26 21:27:48] EDIT Swell/controllers/default.py: 0
[2015-09-26 21:27:53] EDIT Swell/controllers/default.py: 0
[2015-09-26 21:31:33] EDIT Swell/views/default/index.html: 2
[2015-09-26 21:52:30] EDIT Swell/views/default/index.html: 0
[2015-09-26 21:53:16] EDIT Swell/views/default/index.html: 0
[2015-09-26 21:53:26] EDIT Swell/views/default/index.html: 0
[2015-09-26 21:53:56] EDIT Swell/views/default/index.html: 0
[2015-09-26 21:54:15] EDIT Swell/views/default/index.html: 0
[2015-09-26 21:54:48] EDIT Swell/views/default/index.html: 0
[2015-09-26 21:58:14] EDIT Swell/controllers/default.py: 2
[2015-09-26 21:59:00] EDIT Swell/controllers/default.py: 2
[2015-09-26 21:59:15] EDIT Swell/views/default/index.html: 0
[2015-09-26 22:00:36] EDIT Swell/controllers/default.py: 0
[2015-09-26 22:01:15] EDIT Swell/controllers/default.py: 0
[2015-09-26 22:02:03] EDIT Swell/controllers/default.py: 1
[2015-09-26 22:02:20] EDIT Swell/controllers/default.py: -1
[2015-09-26 22:02:38] EDIT Swell/controllers/default.py: 0
[2015-09-26 22:04:01] EDIT Swell/controllers/default.py: 0
[2015-09-26 22:16:33] EDIT Swell/controllers/default.py: 7
[2015-09-26 22:16:37] EDIT Swell/controllers/default.py: -1
[2015-09-26 22:16:38] EDIT Swell/controllers/default.py: 0
[2015-09-26 22:17:05] EDIT Swell/controllers/default.py: 0
[2015-09-26 22:19:39] EDIT Swell/controllers/default.py: 0
[2015-09-26 22:20:03] EDIT Swell/controllers/default.py: 0
[2015-09-26 22:21:09] EDIT Swell/controllers/default.py: 2
[2015-09-26 22:21:20] EDIT Swell/controllers/default.py: 1
[2015-09-26 22:21:44] EDIT Swell/controllers/default.py: 1
[2015-09-26 22:21:56] EDIT Swell/controllers/default.py: 0
[2015-09-26 22:22:51] EDIT Swell/controllers/default.py: 0
